<?xml version="1.0" encoding="UTF-8"?>
<!-- Generated by org.testng.reporters.JUnitReportReporter -->
<testsuite hostname="WIN-01603091500" name="com.qishon.isw.apitest.DelCartTest" tests="2" failures="0" timestamp="26 Apr 2016 02:23:10 GMT" time="0.279" errors="0">
  <testcase name="getDestnationTest" time="0.260" classname="com.qishon.isw.apitest.DelCartTest"/>
  <testcase name="getAccessTokenTest" time="0.019" classname="com.qishon.isw.apitest.DelCartTest"/>
</testsuite> <!-- com.qishon.isw.apitest.DelCartTest -->
