<?xml version="1.0" encoding="UTF-8"?>
<!-- Generated by org.testng.reporters.JUnitReportReporter -->
<testsuite hostname="WIN-01603091500" name="com.qishon.isw.apitest.GetOrdPickTest" tests="2" failures="0" timestamp="18 Apr 2016 06:57:10 GMT" time="2.554" errors="0">
  <testcase name="GetAccessToken" time="0.235" classname="com.qishon.isw.apitest.GetOrdPickTest"/>
  <testcase name="GetOrdPick" time="2.319" classname="com.qishon.isw.apitest.GetOrdPickTest"/>
</testsuite> <!-- com.qishon.isw.apitest.GetOrdPickTest -->
