<?xml version="1.0" encoding="UTF-8"?>
<!-- Generated by org.testng.reporters.JUnitReportReporter -->
<testsuite hostname="WIN-01603091500" name="com.qishon.isw.apitest.GetDestnationTest" tests="2" failures="0" timestamp="25 Apr 2016 03:16:23 GMT" time="2.918" errors="0">
  <testcase name="getAccessTokenTest" time="1.029" classname="com.qishon.isw.apitest.GetDestnationTest"/>
  <testcase name="getDestnationTest" time="1.889" classname="com.qishon.isw.apitest.GetDestnationTest"/>
</testsuite> <!-- com.qishon.isw.apitest.GetDestnationTest -->
