<?xml version="1.0" encoding="UTF-8"?>
<!-- Generated by org.testng.reporters.JUnitReportReporter -->
<testsuite hostname="WIN-01603091500" name="com.qishon.isw.apitest.SaveCartTempTest" tests="3" failures="0" timestamp="26 Apr 2016 02:07:05 GMT" time="0.350" errors="0">
  <testcase name="saveCartTempTest" time="0.054" classname="com.qishon.isw.apitest.SaveCartTempTest"/>
  <testcase name="getAccessTokenTest" time="0.217" classname="com.qishon.isw.apitest.SaveCartTempTest"/>
  <testcase name="saveCartTempTest" time="0.079" classname="com.qishon.isw.apitest.SaveCartTempTest"/>
</testsuite> <!-- com.qishon.isw.apitest.SaveCartTempTest -->
