<?xml version="1.0" encoding="UTF-8"?>
<!-- Generated by org.testng.reporters.JUnitReportReporter -->
<testsuite hostname="WIN-01603091500" name="com.qishon.isw.apitest.GetOrdTextTest" tests="2" failures="0" timestamp="25 Apr 2016 02:56:47 GMT" time="0.381" errors="0">
  <testcase name="getAccessTokenTest" time="0.268" classname="com.qishon.isw.apitest.GetOrdTextTest"/>
  <testcase name="getOrdTextTest" time="0.113" classname="com.qishon.isw.apitest.GetOrdTextTest"/>
</testsuite> <!-- com.qishon.isw.apitest.GetOrdTextTest -->
