<?xml version="1.0" encoding="UTF-8"?>
<!-- Generated by org.testng.reporters.JUnitReportReporter -->
<testsuite hostname="WIN-01603091500" name="com.qishon.isw.apitest.SaveCltInfoTest" tests="2" failures="0" timestamp="25 Apr 2016 03:09:13 GMT" time="0.621" errors="0">
  <testcase name="saveCltInfoTest" time="0.168" classname="com.qishon.isw.apitest.SaveCltInfoTest"/>
  <testcase name="getAccessTokenTest" time="0.453" classname="com.qishon.isw.apitest.SaveCltInfoTest"/>
</testsuite> <!-- com.qishon.isw.apitest.SaveCltInfoTest -->
