<?xml version="1.0" encoding="UTF-8"?>
<!-- Generated by org.testng.reporters.JUnitReportReporter -->
<testsuite hostname="WIN-01603091500" name="com.qishon.isw.apitest.SaveSuggestTest" tests="2" failures="0" timestamp="25 Apr 2016 03:20:20 GMT" time="0.523" errors="0">
  <testcase name="getAccessTokenTest" time="0.334" classname="com.qishon.isw.apitest.SaveSuggestTest"/>
  <testcase name="saveSuggestTest" time="0.189" classname="com.qishon.isw.apitest.SaveSuggestTest"/>
</testsuite> <!-- com.qishon.isw.apitest.SaveSuggestTest -->
