<?xml version="1.0" encoding="UTF-8"?>
<!-- Generated by org.testng.reporters.JUnitReportReporter -->
<testsuite hostname="WIN-01603091500" name="com.qishon.isw.apitest.GetGoodsConsultTest" tests="2" failures="0" timestamp="25 Apr 2016 03:19:16 GMT" time="2.212" errors="0">
  <testcase name="getAccessTokenTest" time="1.264" classname="com.qishon.isw.apitest.GetGoodsConsultTest"/>
  <testcase name="getGoodsConsultTest" time="0.948" classname="com.qishon.isw.apitest.GetGoodsConsultTest"/>
</testsuite> <!-- com.qishon.isw.apitest.GetGoodsConsultTest -->
