<?xml version="1.0" encoding="UTF-8"?>
<!-- Generated by org.testng.reporters.JUnitReportReporter -->
<testsuite hostname="WIN-01603091500" name="com.qishon.ism.apitest.GetAccessTokenTest" tests="1" failures="0" timestamp="12 Apr 2016 06:26:34 GMT" time="0.129" errors="0">
  <testcase name="Test1" time="0.129" classname="com.qishon.ism.apitest.GetAccessTokenTest"/>
</testsuite> <!-- com.qishon.ism.apitest.GetAccessTokenTest -->
