<?xml version="1.0" encoding="UTF-8"?>
<!-- Generated by org.testng.reporters.JUnitReportReporter -->
<testsuite hostname="WIN-01603091500" name="com.qishon.isw.apitest.GetPayUrlTest" tests="3" failures="0" timestamp="25 Apr 2016 03:22:12 GMT" time="2.058" errors="0">
  <testcase name="getPayUrlTest" time="0.535" classname="com.qishon.isw.apitest.GetPayUrlTest"/>
  <testcase name="getPayUrlTest" time="0.030" classname="com.qishon.isw.apitest.GetPayUrlTest"/>
  <testcase name="getAccessTokenTest" time="1.493" classname="com.qishon.isw.apitest.GetPayUrlTest"/>
</testsuite> <!-- com.qishon.isw.apitest.GetPayUrlTest -->
