<?xml version="1.0" encoding="UTF-8"?>
<!-- Generated by org.testng.reporters.JUnitReportReporter -->
<testsuite hostname="WIN-01603091500" name="com.qishon.isw.apitest.ConfirmReceiveTest" tests="1" failures="0" timestamp="26 Apr 2016 06:56:04 GMT" time="0.325" errors="0">
  <testcase name="getDestnationTest" time="0.325" classname="com.qishon.isw.apitest.ConfirmReceiveTest"/>
</testsuite> <!-- com.qishon.isw.apitest.ConfirmReceiveTest -->
