<?xml version="1.0" encoding="UTF-8"?>
<!-- Generated by org.testng.reporters.JUnitReportReporter -->
<testsuite hostname="WIN-01603091500" name="com.qishon.isw.apitest.GetCltInfoTest" tests="1" failures="0" timestamp="25 Apr 2016 03:10:26 GMT" time="0.533" errors="0">
  <testcase name="getCltInfoTest" time="0.533" classname="com.qishon.isw.apitest.GetCltInfoTest"/>
</testsuite> <!-- com.qishon.isw.apitest.GetCltInfoTest -->
