<?xml version="1.0" encoding="UTF-8"?>
<!-- Generated by org.testng.reporters.JUnitReportReporter -->
<testsuite hostname="WIN-01603091500" name="com.qishon.isw.apitest.GetCartTempTest" tests="3" failures="0" timestamp="26 Apr 2016 02:10:37 GMT" time="1.023" errors="0">
  <testcase name="saveCartTempTest" time="0.083" classname="com.qishon.isw.apitest.GetCartTempTest"/>
  <testcase name="getAccessTokenTest" time="0.206" classname="com.qishon.isw.apitest.GetCartTempTest"/>
  <testcase name="saveCartTempTest" time="0.734" classname="com.qishon.isw.apitest.GetCartTempTest"/>
</testsuite> <!-- com.qishon.isw.apitest.GetCartTempTest -->
