<?xml version="1.0" encoding="UTF-8"?>
<!-- Generated by org.testng.reporters.JUnitReportReporter -->
<testsuite hostname="WIN-01603091500" name="com.qishon.isw.apitest.GetShippingTest" tests="1" failures="0" timestamp="26 Apr 2016 03:26:38 GMT" time="0.482" errors="0">
  <testcase name="getShippingTest" time="0.482" classname="com.qishon.isw.apitest.GetShippingTest"/>
</testsuite> <!-- com.qishon.isw.apitest.GetShippingTest -->
