<?xml version="1.0" encoding="UTF-8"?>
<!-- Generated by org.testng.reporters.JUnitReportReporter -->
<testsuite hostname="WIN-01603091500" name="com.qishon.isw.apitest.GetOrdListTest" tests="13" failures="0" timestamp="25 Apr 2016 02:49:13 GMT" time="8.198" errors="0">
  <testcase name="getAccessTokenTest" time="0.532" classname="com.qishon.isw.apitest.GetOrdListTest"/>
  <testcase name="getOrdListTest" time="0.915" classname="com.qishon.isw.apitest.GetOrdListTest"/>
  <testcase name="getOrdListTest" time="0.199" classname="com.qishon.isw.apitest.GetOrdListTest"/>
  <testcase name="getOrdListTest" time="0.211" classname="com.qishon.isw.apitest.GetOrdListTest"/>
  <testcase name="getOrdListTest" time="1.888" classname="com.qishon.isw.apitest.GetOrdListTest"/>
  <testcase name="getOrdListTest" time="0.395" classname="com.qishon.isw.apitest.GetOrdListTest"/>
  <testcase name="getOrdListTest" time="1.135" classname="com.qishon.isw.apitest.GetOrdListTest"/>
  <testcase name="getOrdListTest" time="1.383" classname="com.qishon.isw.apitest.GetOrdListTest"/>
  <testcase name="getOrdListTest" time="0.301" classname="com.qishon.isw.apitest.GetOrdListTest"/>
  <testcase name="getOrdListTest" time="0.325" classname="com.qishon.isw.apitest.GetOrdListTest"/>
  <testcase name="getOrdListTest" time="0.282" classname="com.qishon.isw.apitest.GetOrdListTest"/>
  <testcase name="getOrdListTest" time="0.197" classname="com.qishon.isw.apitest.GetOrdListTest"/>
  <testcase name="getOrdListTest" time="0.435" classname="com.qishon.isw.apitest.GetOrdListTest"/>
</testsuite> <!-- com.qishon.isw.apitest.GetOrdListTest -->
