<?xml version="1.0" encoding="UTF-8"?>
<!-- Generated by org.testng.reporters.JUnitReportReporter -->
<testsuite hostname="WIN-01603091500" name="com.qishon.isw.apitest.GetAccessTokenTest" tests="1" failures="0" timestamp="26 Apr 2016 03:24:36 GMT" time="0.224" errors="0">
  <testcase name="getAccessTokenTest" time="0.224" classname="com.qishon.isw.apitest.GetAccessTokenTest"/>
</testsuite> <!-- com.qishon.isw.apitest.GetAccessTokenTest -->
